2022-09-12 23:38:08.979  INFO 18148 --- [restartedMain] com.boot.BootMavenApplication            : Starting BootMavenApplication using Java 1.8.0_261 on DESKTOP-1PR9MOR with PID 18148 (D:\Spring-Vue-Blog\boot-maven\target\classes started by Zhouzhengwei in D:\Spring-Vue-Blog\boot-maven)
2022-09-12 23:38:09.023  INFO 18148 --- [restartedMain] com.boot.BootMavenApplication            : The following 1 profile is active: "dev"
2022-09-12 23:38:09.495  INFO 18148 --- [restartedMain] .e.DevToolsPropertyDefaultsPostProcessor : Devtools property defaults active! Set 'spring.devtools.add-properties' to 'false' to disable
2022-09-12 23:38:09.495  INFO 18148 --- [restartedMain] .e.DevToolsPropertyDefaultsPostProcessor : For additional web related logging consider setting the 'logging.level.web' property to 'DEBUG'
2022-09-12 23:38:13.377  INFO 18148 --- [restartedMain] o.s.b.w.embedded.tomcat.TomcatWebServer  : Tomcat initialized with port(s): 8988 (http)
2022-09-12 23:38:13.396  INFO 18148 --- [restartedMain] o.apache.catalina.core.StandardService   : Starting service [Tomcat]
2022-09-12 23:38:13.396  INFO 18148 --- [restartedMain] org.apache.catalina.core.StandardEngine  : Starting Servlet engine: [Apache Tomcat/9.0.65]
2022-09-12 23:38:13.501  INFO 18148 --- [restartedMain] o.a.c.c.C.[Tomcat].[localhost].[/elm]    : Initializing Spring embedded WebApplicationContext
2022-09-12 23:38:13.501  INFO 18148 --- [restartedMain] w.s.c.ServletWebServerApplicationContext : Root WebApplicationContext: initialization completed in 4005 ms
2022-09-12 23:38:15.141  INFO 18148 --- [restartedMain] o.s.b.d.a.OptionalLiveReloadServer       : LiveReload server is running on port 35729
2022-09-12 23:38:15.183  INFO 18148 --- [restartedMain] o.s.b.w.embedded.tomcat.TomcatWebServer  : Tomcat started on port(s): 8988 (http) with context path '/elm'
2022-09-12 23:38:15.192  INFO 18148 --- [restartedMain] com.boot.BootMavenApplication            : Started BootMavenApplication in 7.139 seconds (JVM running for 9.59)
2022-09-12 23:40:04.235  INFO 18148 --- [http-nio-8988-exec-1] o.a.c.c.C.[Tomcat].[localhost].[/elm]    : Initializing Spring DispatcherServlet 'dispatcherServlet'
2022-09-12 23:40:04.235  INFO 18148 --- [http-nio-8988-exec-1] o.s.web.servlet.DispatcherServlet        : Initializing Servlet 'dispatcherServlet'
2022-09-12 23:40:04.236  INFO 18148 --- [http-nio-8988-exec-1] o.s.web.servlet.DispatcherServlet        : Completed initialization in 1 ms
2022-09-12 23:40:04.477  INFO 18148 --- [http-nio-8988-exec-1] com.alibaba.druid.pool.DruidDataSource   : {dataSource-1} inited
2022-09-12 23:42:08.357  INFO 18148 --- [File Watcher] rtingClassPathChangeChangedEventListener : Restarting due to 2 class path changes (0 additions, 0 deletions, 2 modifications)
2022-09-12 23:42:08.898  INFO 18148 --- [Thread-13] o.apache.catalina.core.StandardService   : Stopping service [Tomcat]
2022-09-12 23:42:08.901  INFO 18148 --- [Thread-13] o.a.c.c.C.[Tomcat].[localhost].[/elm]    : Destroying Spring FrameworkServlet 'dispatcherServlet'
2022-09-12 23:42:08.904  WARN 18148 --- [Thread-13] o.a.c.loader.WebappClassLoaderBase       : The web application [elm] appears to have started a thread named [Druid-ConnectionPool-Create-366884229] but has failed to stop it. This is very likely to create a memory leak. Stack trace of thread:
 sun.misc.Unsafe.park(Native Method)
 java.util.concurrent.locks.LockSupport.park(LockSupport.java:175)
 java.util.concurrent.locks.AbstractQueuedSynchronizer$ConditionObject.await(AbstractQueuedSynchronizer.java:2039)
 com.alibaba.druid.pool.DruidDataSource$CreateConnectionThread.run(DruidDataSource.java:2813)
2022-09-12 23:42:08.904  WARN 18148 --- [Thread-13] o.a.c.loader.WebappClassLoaderBase       : The web application [elm] appears to have started a thread named [Druid-ConnectionPool-Destroy-366884229] but has failed to stop it. This is very likely to create a memory leak. Stack trace of thread:
 java.lang.Thread.sleep(Native Method)
 com.alibaba.druid.pool.DruidDataSource$DestroyConnectionThread.run(DruidDataSource.java:2913)
2022-09-12 23:42:09.022  INFO 18148 --- [Thread-13] com.alibaba.druid.pool.DruidDataSource   : {dataSource-1} closing ...
2022-09-12 23:42:09.029  INFO 18148 --- [Thread-13] com.alibaba.druid.pool.DruidDataSource   : {dataSource-1} closed
2022-09-12 23:42:09.196  INFO 18148 --- [restartedMain] com.boot.BootMavenApplication            : Starting BootMavenApplication using Java 1.8.0_261 on DESKTOP-1PR9MOR with PID 18148 (D:\Spring-Vue-Blog\boot-maven\target\classes started by Zhouzhengwei in D:\Spring-Vue-Blog\boot-maven)
2022-09-12 23:42:09.196  INFO 18148 --- [restartedMain] com.boot.BootMavenApplication            : The following 1 profile is active: "dev"
2022-09-12 23:42:09.423  INFO 18148 --- [restartedMain] o.s.b.w.embedded.tomcat.TomcatWebServer  : Tomcat initialized with port(s): 8988 (http)
2022-09-12 23:42:09.424  INFO 18148 --- [restartedMain] o.apache.catalina.core.StandardService   : Starting service [Tomcat]
2022-09-12 23:42:09.424  INFO 18148 --- [restartedMain] org.apache.catalina.core.StandardEngine  : Starting Servlet engine: [Apache Tomcat/9.0.65]
2022-09-12 23:42:09.437  INFO 18148 --- [restartedMain] o.a.c.c.C.[Tomcat].[localhost].[/elm]    : Initializing Spring embedded WebApplicationContext
2022-09-12 23:42:09.438  INFO 18148 --- [restartedMain] w.s.c.ServletWebServerApplicationContext : Root WebApplicationContext: initialization completed in 240 ms
2022-09-12 23:42:09.649  INFO 18148 --- [restartedMain] o.s.b.d.a.OptionalLiveReloadServer       : LiveReload server is running on port 35729
2022-09-12 23:42:09.661  INFO 18148 --- [restartedMain] o.s.b.w.embedded.tomcat.TomcatWebServer  : Tomcat started on port(s): 8988 (http) with context path '/elm'
2022-09-12 23:42:09.665  INFO 18148 --- [restartedMain] com.boot.BootMavenApplication            : Started BootMavenApplication in 0.496 seconds (JVM running for 244.063)
2022-09-12 23:42:09.667  INFO 18148 --- [restartedMain] .ConditionEvaluationDeltaLoggingListener : Condition evaluation unchanged
2022-09-12 23:42:13.155  INFO 18148 --- [http-nio-8988-exec-1] o.a.c.c.C.[Tomcat].[localhost].[/elm]    : Initializing Spring DispatcherServlet 'dispatcherServlet'
2022-09-12 23:42:13.156  INFO 18148 --- [http-nio-8988-exec-1] o.s.web.servlet.DispatcherServlet        : Initializing Servlet 'dispatcherServlet'
2022-09-12 23:42:13.157  INFO 18148 --- [http-nio-8988-exec-1] o.s.web.servlet.DispatcherServlet        : Completed initialization in 1 ms
2022-09-12 23:42:13.160  INFO 18148 --- [http-nio-8988-exec-1] com.alibaba.druid.pool.DruidDataSource   : {dataSource-2} inited
2022-09-12 23:43:41.924  INFO 18148 --- [File Watcher] rtingClassPathChangeChangedEventListener : Restarting due to 1 class path change (0 additions, 0 deletions, 1 modification)
2022-09-12 23:43:42.563  INFO 18148 --- [Thread-19] o.apache.catalina.core.StandardService   : Stopping service [Tomcat]
2022-09-12 23:43:42.564  INFO 18148 --- [Thread-19] o.a.c.c.C.[Tomcat].[localhost].[/elm]    : Destroying Spring FrameworkServlet 'dispatcherServlet'
2022-09-12 23:43:42.567  WARN 18148 --- [Thread-19] o.a.c.loader.WebappClassLoaderBase       : The web application [elm] appears to have started a thread named [Druid-ConnectionPool-Create-86989513] but has failed to stop it. This is very likely to create a memory leak. Stack trace of thread:
 sun.misc.Unsafe.park(Native Method)
 java.util.concurrent.locks.LockSupport.park(LockSupport.java:175)
 java.util.concurrent.locks.AbstractQueuedSynchronizer$ConditionObject.await(AbstractQueuedSynchronizer.java:2039)
 com.alibaba.druid.pool.DruidDataSource$CreateConnectionThread.run(DruidDataSource.java:2813)
2022-09-12 23:43:42.567  WARN 18148 --- [Thread-19] o.a.c.loader.WebappClassLoaderBase       : The web application [elm] appears to have started a thread named [Druid-ConnectionPool-Destroy-86989513] but has failed to stop it. This is very likely to create a memory leak. Stack trace of thread:
 java.lang.Thread.sleep(Native Method)
 com.alibaba.druid.pool.DruidDataSource$DestroyConnectionThread.run(DruidDataSource.java:2913)
2022-09-12 23:43:42.625  INFO 18148 --- [Thread-19] com.alibaba.druid.pool.DruidDataSource   : {dataSource-2} closing ...
2022-09-12 23:43:42.626  INFO 18148 --- [Thread-19] com.alibaba.druid.pool.DruidDataSource   : {dataSource-2} closed
2022-09-12 23:43:42.781  INFO 18148 --- [restartedMain] com.boot.BootMavenApplication            : Starting BootMavenApplication using Java 1.8.0_261 on DESKTOP-1PR9MOR with PID 18148 (D:\Spring-Vue-Blog\boot-maven\target\classes started by Zhouzhengwei in D:\Spring-Vue-Blog\boot-maven)
2022-09-12 23:43:42.781  INFO 18148 --- [restartedMain] com.boot.BootMavenApplication            : The following 1 profile is active: "dev"
2022-09-12 23:43:43.007  INFO 18148 --- [restartedMain] o.s.b.w.embedded.tomcat.TomcatWebServer  : Tomcat initialized with port(s): 8988 (http)
2022-09-12 23:43:43.025  INFO 18148 --- [restartedMain] w.s.c.ServletWebServerApplicationContext : Root WebApplicationContext: initialization completed in 242 ms
2022-09-12 23:43:43.267  INFO 18148 --- [restartedMain] o.s.b.d.a.OptionalLiveReloadServer       : LiveReload server is running on port 35729
2022-09-12 23:43:43.278  INFO 18148 --- [restartedMain] o.s.b.w.embedded.tomcat.TomcatWebServer  : Tomcat started on port(s): 8988 (http) with context path '/elm'
2022-09-12 23:43:43.281  INFO 18148 --- [restartedMain] com.boot.BootMavenApplication            : Started BootMavenApplication in 0.534 seconds (JVM running for 337.679)
2022-09-12 23:43:43.283  INFO 18148 --- [restartedMain] .ConditionEvaluationDeltaLoggingListener : Condition evaluation unchanged
2022-09-12 23:43:43.957  INFO 18148 --- [SpringApplicationShutdownHook] com.alibaba.druid.pool.DruidDataSource   : {dataSource-0} closing ...
2022-09-12 23:43:49.142  INFO 17028 --- [restartedMain] com.boot.BootMavenApplication            : Starting BootMavenApplication using Java 1.8.0_261 on DESKTOP-1PR9MOR with PID 17028 (D:\Spring-Vue-Blog\boot-maven\target\classes started by Zhouzhengwei in D:\Spring-Vue-Blog\boot-maven)
2022-09-12 23:43:49.143  INFO 17028 --- [restartedMain] com.boot.BootMavenApplication            : The following 1 profile is active: "dev"
2022-09-12 23:43:49.186  INFO 17028 --- [restartedMain] .e.DevToolsPropertyDefaultsPostProcessor : Devtools property defaults active! Set 'spring.devtools.add-properties' to 'false' to disable
2022-09-12 23:43:49.187  INFO 17028 --- [restartedMain] .e.DevToolsPropertyDefaultsPostProcessor : For additional web related logging consider setting the 'logging.level.web' property to 'DEBUG'
2022-09-12 23:43:50.301  INFO 17028 --- [restartedMain] o.s.b.w.embedded.tomcat.TomcatWebServer  : Tomcat initialized with port(s): 8988 (http)
2022-09-12 23:43:50.308  INFO 17028 --- [restartedMain] o.apache.catalina.core.StandardService   : Starting service [Tomcat]
2022-09-12 23:43:50.308  INFO 17028 --- [restartedMain] org.apache.catalina.core.StandardEngine  : Starting Servlet engine: [Apache Tomcat/9.0.65]
2022-09-12 23:43:50.464  INFO 17028 --- [restartedMain] o.a.c.c.C.[Tomcat].[localhost].[/elm]    : Initializing Spring embedded WebApplicationContext
2022-09-12 23:43:50.464  INFO 17028 --- [restartedMain] w.s.c.ServletWebServerApplicationContext : Root WebApplicationContext: initialization completed in 1277 ms
2022-09-12 23:43:51.179  INFO 17028 --- [restartedMain] o.s.b.d.a.OptionalLiveReloadServer       : LiveReload server is running on port 35729
2022-09-12 23:43:51.214  INFO 17028 --- [restartedMain] o.s.b.w.embedded.tomcat.TomcatWebServer  : Tomcat started on port(s): 8988 (http) with context path '/elm'
2022-09-12 23:43:51.223  INFO 17028 --- [restartedMain] com.boot.BootMavenApplication            : Started BootMavenApplication in 2.437 seconds (JVM running for 3.802)
2022-09-12 23:43:54.499  INFO 17028 --- [http-nio-8988-exec-4] o.a.c.c.C.[Tomcat].[localhost].[/elm]    : Initializing Spring DispatcherServlet 'dispatcherServlet'
2022-09-12 23:43:54.499  INFO 17028 --- [http-nio-8988-exec-4] o.s.web.servlet.DispatcherServlet        : Initializing Servlet 'dispatcherServlet'
2022-09-12 23:43:54.500  INFO 17028 --- [http-nio-8988-exec-4] o.s.web.servlet.DispatcherServlet        : Completed initialization in 0 ms
2022-09-12 23:43:54.560  INFO 17028 --- [http-nio-8988-exec-4] com.alibaba.druid.pool.DruidDataSource   : {dataSource-1} inited
2022-09-12 23:45:23.602  INFO 17028 --- [SpringApplicationShutdownHook] com.alibaba.druid.pool.DruidDataSource   : {dataSource-1} closing ...
2022-09-12 23:45:23.604  INFO 17028 --- [SpringApplicationShutdownHook] com.alibaba.druid.pool.DruidDataSource   : {dataSource-1} closed
